<?xml version="1.0" encoding="UTF-8"?>
<testng-results ignored="0" total="1" passed="1" failed="0" skipped="0">
  <reporter-output>
  </reporter-output>
  <suite started-at="2022-05-01T16:08:15 IST" name="Suite" finished-at="2022-05-01T16:08:42 IST" duration-ms="26960">
    <groups>
      <group name="LoginTest">
        <method signature="Google_email_login_test.google_email_login_test()[pri:0, instance:com.automation.test.Google_email_login_test@1a04f701]" name="google_email_login_test" class="com.automation.test.Google_email_login_test"/>
      </group> <!-- LoginTest -->
    </groups>
    <test started-at="2022-05-01T16:08:15 IST" name="Test" finished-at="2022-05-01T16:08:42 IST" duration-ms="26960">
      <class name="com.automation.test.Google_email_login_test">
        <test-method signature="google_email_login_test()[pri:0, instance:com.automation.test.Google_email_login_test@1a04f701]" started-at="2022-05-01T16:08:15 IST" name="google_email_login_test" finished-at="2022-05-01T16:08:42 IST" duration-ms="26863" status="PASS">
          <reporter-output>
          </reporter-output>
        </test-method> <!-- google_email_login_test -->
      </class> <!-- com.automation.test.Google_email_login_test -->
    </test> <!-- Test -->
  </suite> <!-- Suite -->
</testng-results>
